Build started 01.03.2013 9:42:53.
     1>Project "C:\Users\Alex\documents\visual studio 2010\Projects\bla\bla\bla.vcxproj" on node 2 (build target(s)).
     1>InitializeBuildStatus:
         Creating "Debug\bla.unsuccessfulbuild" because "AlwaysCreate" was specified.
       ClCompile:
         All outputs are up-to-date.
         C:\Program Files (x86)\Microsoft Visual Studio 10.0\VC\bin\CL.exe /c /ZI /nologo /W3 /WX- /Od /Oy- /D WIN32 /D _DEBUG /D _CONSOLE /D _UNICODE /D UNICODE /Gm /EHsc /RTC1 /MDd /GS /fp:precise /Zc:wchar_t /Zc:forScope /Yu"StdAfx.h" /Fp"Debug\bla.pch" /Fo"Debug\\" /Fd"Debug\vc100.pdb" /Gd /TP /analyze- /errorReport:prompt bla.cpp
         bla.cpp
       ManifestResourceCompile:
         All outputs are up-to-date.
       Link:
         C:\Program Files (x86)\Microsoft Visual Studio 10.0\VC\bin\link.exe /ERRORREPORT:PROMPT /OUT:"C:\Users\Alex\documents\visual studio 2010\Projects\bla\Debug\bla.exe" /INCREMENTAL /NOLOGO kernel32.lib user32.lib gdi32.lib winspool.lib comdlg32.lib advapi32.lib shell32.lib ole32.lib oleaut32.lib uuid.lib odbc32.lib odbccp32.lib /MANIFEST /ManifestFile:"Debug\bla.exe.intermediate.manifest" /MANIFESTUAC:"level='asInvoker' uiAccess='false'" /DEBUG /PDB:"C:\Users\Alex\documents\visual studio 2010\Projects\bla\Debug\bla.pdb" /SUBSYSTEM:CONSOLE /TLBID:1 /DYNAMICBASE /NXCOMPAT /IMPLIB:"C:\Users\Alex\documents\visual studio 2010\Projects\bla\Debug\bla.lib" /MACHINE:X86 Debug\bla.exe.embed.manifest.res
         Debug\bla.obj
         Debug\stdafx.obj
       Manifest:
         C:\Program Files (x86)\Microsoft SDKs\Windows\v7.0A\bin\mt.exe /nologo /verbose /out:"Debug\bla.exe.embed.manifest" /manifest Debug\bla.exe.intermediate.manifest
         All outputs are up-to-date.
       LinkEmbedManifest:
         All outputs are up-to-date.
         bla.vcxproj -> C:\Users\Alex\documents\visual studio 2010\Projects\bla\Debug\bla.exe
       FinalizeBuildStatus:
         Deleting file "Debug\bla.unsuccessfulbuild".
         Touching "Debug\bla.lastbuildstate".
     1>Done Building Project "C:\Users\Alex\documents\visual studio 2010\Projects\bla\bla\bla.vcxproj" (build target(s)).

Build succeeded.

Time Elapsed 00:00:01.86
